  Application.cpp
c:\users\gamos\desktop\escuela\progra\5to\introcg\mydir - copia\principiosdecg\figuras\src\application.cpp(22): warning C4309: 'argumento': truncamiento de valor constante
c:\users\gamos\desktop\escuela\progra\5to\introcg\mydir - copia\principiosdecg\figuras\src\application.cpp(31): warning C4309: 'argumento': truncamiento de valor constante
c:\users\gamos\desktop\escuela\progra\5to\introcg\mydir - copia\principiosdecg\figuras\src\application.cpp(42): warning C4309: 'argumento': truncamiento de valor constante
c:\users\gamos\desktop\escuela\progra\5to\introcg\mydir - copia\principiosdecg\figuras\src\application.cpp(51): warning C4309: 'argumento': truncamiento de valor constante
c:\users\gamos\desktop\escuela\progra\5to\introcg\mydir - copia\principiosdecg\figuras\src\application.cpp(62): warning C4309: 'argumento': truncamiento de valor constante
c:\users\gamos\desktop\escuela\progra\5to\introcg\mydir - copia\principiosdecg\figuras\src\application.cpp(71): warning C4309: 'argumento': truncamiento de valor constante
c:\users\gamos\desktop\escuela\progra\5to\introcg\mydir - copia\principiosdecg\figuras\src\application.cpp(82): warning C4309: 'argumento': truncamiento de valor constante
c:\users\gamos\desktop\escuela\progra\5to\introcg\mydir - copia\principiosdecg\figuras\src\application.cpp(91): warning C4309: 'argumento': truncamiento de valor constante
c:\users\gamos\desktop\escuela\progra\5to\introcg\mydir - copia\principiosdecg\figuras\src\application.cpp(102): warning C4309: 'argumento': truncamiento de valor constante
c:\users\gamos\desktop\escuela\progra\5to\introcg\mydir - copia\principiosdecg\figuras\src\application.cpp(111): warning C4309: 'argumento': truncamiento de valor constante
c:\users\gamos\desktop\escuela\progra\5to\introcg\mydir - copia\principiosdecg\figuras\src\application.cpp(122): warning C4309: 'argumento': truncamiento de valor constante
c:\users\gamos\desktop\escuela\progra\5to\introcg\mydir - copia\principiosdecg\figuras\src\application.cpp(131): warning C4309: 'argumento': truncamiento de valor constante
c:\users\gamos\desktop\escuela\progra\5to\introcg\mydir - copia\principiosdecg\figuras\src\application.cpp(142): warning C4309: 'argumento': truncamiento de valor constante
c:\users\gamos\desktop\escuela\progra\5to\introcg\mydir - copia\principiosdecg\figuras\src\application.cpp(151): warning C4309: 'argumento': truncamiento de valor constante
c:\users\gamos\desktop\escuela\progra\5to\introcg\mydir - copia\principiosdecg\figuras\src\application.cpp(162): warning C4309: 'argumento': truncamiento de valor constante
c:\users\gamos\desktop\escuela\progra\5to\introcg\mydir - copia\principiosdecg\figuras\src\application.cpp(171): warning C4309: 'argumento': truncamiento de valor constante
c:\users\gamos\desktop\escuela\progra\5to\introcg\mydir - copia\principiosdecg\figuras\src\application.cpp(184): warning C4244: 'inicializando': conversión de 'int' a 'float'; posible pérdida de datos
c:\users\gamos\desktop\escuela\progra\5to\introcg\mydir - copia\principiosdecg\figuras\src\application.cpp(186): warning C4244: '=': conversión de 'double' a 'int'; posible pérdida de datos
c:\users\gamos\desktop\escuela\progra\5to\introcg\mydir - copia\principiosdecg\figuras\src\application.cpp(187): warning C4244: '=': conversión de 'double' a 'int'; posible pérdida de datos
c:\users\gamos\desktop\escuela\progra\5to\introcg\mydir - copia\principiosdecg\figuras\src\application.cpp(205): warning C4309: 'argumento': truncamiento de valor constante
  Generando código...
  Compilando...
  Pixel.cpp
  Generando código...
  Figuras.vcxproj -> C:\Users\gamos\Desktop\escuela\progra\5to\IntroCG\myDir - copia\PrincipiosDeCG\x64\Debug\Figuras.exe
