  Application.cpp
c:\users\gamos\desktop\escuela\progra\5to\introcg\mydir - copia\principiosdecg\transformaciones3d\include\application.h(23): warning C4305: 'inicializando': truncamiento de 'double' a 'float'
c:\users\gamos\desktop\escuela\progra\5to\introcg\mydir - copia\principiosdecg\transformaciones3d\src\application.cpp(27): warning C4305: 'argumento': truncamiento de 'double' a 'const float'
c:\users\gamos\desktop\escuela\progra\5to\introcg\mydir - copia\principiosdecg\transformaciones3d\src\application.cpp(27): warning C4244: 'argumento': conversión de 'int' a 'const float'; posible pérdida de datos
c:\users\gamos\desktop\escuela\progra\5to\introcg\mydir - copia\principiosdecg\transformaciones3d\src\application.cpp(35): warning C4244: '=': conversión de 'double' a 'float'; posible pérdida de datos
c:\users\gamos\desktop\escuela\progra\5to\introcg\mydir - copia\principiosdecg\transformaciones3d\src\application.cpp(37): warning C4244: '=': conversión de 'double' a 'int'; posible pérdida de datos
c:\users\gamos\desktop\escuela\progra\5to\introcg\mydir - copia\principiosdecg\transformaciones3d\src\application.cpp(38): warning C4244: '=': conversión de 'double' a 'int'; posible pérdida de datos
c:\users\gamos\desktop\escuela\progra\5to\introcg\mydir - copia\principiosdecg\transformaciones3d\src\application.cpp(39): warning C4244: '=': conversión de 'double' a 'int'; posible pérdida de datos
c:\users\gamos\desktop\escuela\progra\5to\introcg\mydir - copia\principiosdecg\transformaciones3d\src\application.cpp(51): warning C4309: 'argumento': truncamiento de valor constante
c:\users\gamos\desktop\escuela\progra\5to\introcg\mydir - copia\principiosdecg\transformaciones3d\src\application.cpp(60): warning C4309: 'argumento': truncamiento de valor constante
c:\users\gamos\desktop\escuela\progra\5to\introcg\mydir - copia\principiosdecg\transformaciones3d\src\application.cpp(71): warning C4309: 'argumento': truncamiento de valor constante
c:\users\gamos\desktop\escuela\progra\5to\introcg\mydir - copia\principiosdecg\transformaciones3d\src\application.cpp(80): warning C4309: 'argumento': truncamiento de valor constante
c:\users\gamos\desktop\escuela\progra\5to\introcg\mydir - copia\principiosdecg\transformaciones3d\src\application.cpp(91): warning C4309: 'argumento': truncamiento de valor constante
c:\users\gamos\desktop\escuela\progra\5to\introcg\mydir - copia\principiosdecg\transformaciones3d\src\application.cpp(100): warning C4309: 'argumento': truncamiento de valor constante
c:\users\gamos\desktop\escuela\progra\5to\introcg\mydir - copia\principiosdecg\transformaciones3d\src\application.cpp(111): warning C4309: 'argumento': truncamiento de valor constante
c:\users\gamos\desktop\escuela\progra\5to\introcg\mydir - copia\principiosdecg\transformaciones3d\src\application.cpp(120): warning C4309: 'argumento': truncamiento de valor constante
c:\users\gamos\desktop\escuela\progra\5to\introcg\mydir - copia\principiosdecg\transformaciones3d\src\application.cpp(131): warning C4309: 'argumento': truncamiento de valor constante
c:\users\gamos\desktop\escuela\progra\5to\introcg\mydir - copia\principiosdecg\transformaciones3d\src\application.cpp(140): warning C4309: 'argumento': truncamiento de valor constante
c:\users\gamos\desktop\escuela\progra\5to\introcg\mydir - copia\principiosdecg\transformaciones3d\src\application.cpp(151): warning C4309: 'argumento': truncamiento de valor constante
c:\users\gamos\desktop\escuela\progra\5to\introcg\mydir - copia\principiosdecg\transformaciones3d\src\application.cpp(160): warning C4309: 'argumento': truncamiento de valor constante
c:\users\gamos\desktop\escuela\progra\5to\introcg\mydir - copia\principiosdecg\transformaciones3d\src\application.cpp(171): warning C4309: 'argumento': truncamiento de valor constante
c:\users\gamos\desktop\escuela\progra\5to\introcg\mydir - copia\principiosdecg\transformaciones3d\src\application.cpp(180): warning C4309: 'argumento': truncamiento de valor constante
c:\users\gamos\desktop\escuela\progra\5to\introcg\mydir - copia\principiosdecg\transformaciones3d\src\application.cpp(191): warning C4309: 'argumento': truncamiento de valor constante
c:\users\gamos\desktop\escuela\progra\5to\introcg\mydir - copia\principiosdecg\transformaciones3d\src\application.cpp(200): warning C4309: 'argumento': truncamiento de valor constante
c:\users\gamos\desktop\escuela\progra\5to\introcg\mydir - copia\principiosdecg\transformaciones3d\src\application.cpp(213): warning C4244: 'inicializando': conversión de 'int' a 'float'; posible pérdida de datos
c:\users\gamos\desktop\escuela\progra\5to\introcg\mydir - copia\principiosdecg\transformaciones3d\src\application.cpp(215): warning C4244: '=': conversión de 'double' a 'int'; posible pérdida de datos
c:\users\gamos\desktop\escuela\progra\5to\introcg\mydir - copia\principiosdecg\transformaciones3d\src\application.cpp(216): warning C4244: '=': conversión de 'double' a 'int'; posible pérdida de datos
c:\users\gamos\desktop\escuela\progra\5to\introcg\mydir - copia\principiosdecg\transformaciones3d\src\application.cpp(234): warning C4309: 'argumento': truncamiento de valor constante
c:\users\gamos\desktop\escuela\progra\5to\introcg\mydir - copia\principiosdecg\transformaciones3d\src\application.cpp(253): warning C4244: 'argumento': conversión de 'float' a 'int'; posible pérdida de datos
c:\users\gamos\desktop\escuela\progra\5to\introcg\mydir - copia\principiosdecg\transformaciones3d\src\application.cpp(254): warning C4244: 'argumento': conversión de 'float' a 'int'; posible pérdida de datos
c:\users\gamos\desktop\escuela\progra\5to\introcg\mydir - copia\principiosdecg\transformaciones3d\src\application.cpp(255): warning C4244: 'argumento': conversión de 'float' a 'int'; posible pérdida de datos
c:\users\gamos\desktop\escuela\progra\5to\introcg\mydir - copia\principiosdecg\transformaciones3d\src\application.cpp(256): warning C4244: 'argumento': conversión de 'float' a 'int'; posible pérdida de datos
  Transformaciones3D.vcxproj -> C:\Users\gamos\Desktop\escuela\progra\5to\IntroCG\myDir - copia\PrincipiosDeCG\x64\Debug\Transformaciones3D.exe
