  Application.cpp
c:\users\gamos\desktop\escuela\progra\5to\introcg\mydir - copia\principiosdecg\transformaciones2d\include\application.h(26): warning C4305: 'inicializando': truncamiento de 'double' a 'float'
c:\users\gamos\desktop\escuela\progra\5to\introcg\mydir - copia\principiosdecg\transformaciones2d\src\application.cpp(13): warning C4244: '=': conversión de 'int' a 'float'; posible pérdida de datos
c:\users\gamos\desktop\escuela\progra\5to\introcg\mydir - copia\principiosdecg\transformaciones2d\src\application.cpp(14): warning C4244: '=': conversión de 'int' a 'float'; posible pérdida de datos
c:\users\gamos\desktop\escuela\progra\5to\introcg\mydir - copia\principiosdecg\transformaciones2d\src\application.cpp(15): warning C4244: '=': conversión de 'int' a 'float'; posible pérdida de datos
c:\users\gamos\desktop\escuela\progra\5to\introcg\mydir - copia\principiosdecg\transformaciones2d\src\application.cpp(16): warning C4244: '=': conversión de 'int' a 'float'; posible pérdida de datos
c:\users\gamos\desktop\escuela\progra\5to\introcg\mydir - copia\principiosdecg\transformaciones2d\src\application.cpp(17): warning C4244: '=': conversión de 'int' a 'float'; posible pérdida de datos
c:\users\gamos\desktop\escuela\progra\5to\introcg\mydir - copia\principiosdecg\transformaciones2d\src\application.cpp(27): warning C4244: 'argumento': conversión de 'int' a 'const float'; posible pérdida de datos
c:\users\gamos\desktop\escuela\progra\5to\introcg\mydir - copia\principiosdecg\transformaciones2d\src\application.cpp(80): warning C4309: 'argumento': truncamiento de valor constante
c:\users\gamos\desktop\escuela\progra\5to\introcg\mydir - copia\principiosdecg\transformaciones2d\src\application.cpp(89): warning C4309: 'argumento': truncamiento de valor constante
c:\users\gamos\desktop\escuela\progra\5to\introcg\mydir - copia\principiosdecg\transformaciones2d\src\application.cpp(100): warning C4309: 'argumento': truncamiento de valor constante
c:\users\gamos\desktop\escuela\progra\5to\introcg\mydir - copia\principiosdecg\transformaciones2d\src\application.cpp(109): warning C4309: 'argumento': truncamiento de valor constante
c:\users\gamos\desktop\escuela\progra\5to\introcg\mydir - copia\principiosdecg\transformaciones2d\src\application.cpp(120): warning C4309: 'argumento': truncamiento de valor constante
c:\users\gamos\desktop\escuela\progra\5to\introcg\mydir - copia\principiosdecg\transformaciones2d\src\application.cpp(129): warning C4309: 'argumento': truncamiento de valor constante
c:\users\gamos\desktop\escuela\progra\5to\introcg\mydir - copia\principiosdecg\transformaciones2d\src\application.cpp(140): warning C4309: 'argumento': truncamiento de valor constante
c:\users\gamos\desktop\escuela\progra\5to\introcg\mydir - copia\principiosdecg\transformaciones2d\src\application.cpp(149): warning C4309: 'argumento': truncamiento de valor constante
c:\users\gamos\desktop\escuela\progra\5to\introcg\mydir - copia\principiosdecg\transformaciones2d\src\application.cpp(160): warning C4309: 'argumento': truncamiento de valor constante
c:\users\gamos\desktop\escuela\progra\5to\introcg\mydir - copia\principiosdecg\transformaciones2d\src\application.cpp(169): warning C4309: 'argumento': truncamiento de valor constante
c:\users\gamos\desktop\escuela\progra\5to\introcg\mydir - copia\principiosdecg\transformaciones2d\src\application.cpp(180): warning C4309: 'argumento': truncamiento de valor constante
c:\users\gamos\desktop\escuela\progra\5to\introcg\mydir - copia\principiosdecg\transformaciones2d\src\application.cpp(189): warning C4309: 'argumento': truncamiento de valor constante
c:\users\gamos\desktop\escuela\progra\5to\introcg\mydir - copia\principiosdecg\transformaciones2d\src\application.cpp(200): warning C4309: 'argumento': truncamiento de valor constante
c:\users\gamos\desktop\escuela\progra\5to\introcg\mydir - copia\principiosdecg\transformaciones2d\src\application.cpp(209): warning C4309: 'argumento': truncamiento de valor constante
c:\users\gamos\desktop\escuela\progra\5to\introcg\mydir - copia\principiosdecg\transformaciones2d\src\application.cpp(220): warning C4309: 'argumento': truncamiento de valor constante
c:\users\gamos\desktop\escuela\progra\5to\introcg\mydir - copia\principiosdecg\transformaciones2d\src\application.cpp(229): warning C4309: 'argumento': truncamiento de valor constante
c:\users\gamos\desktop\escuela\progra\5to\introcg\mydir - copia\principiosdecg\transformaciones2d\src\application.cpp(242): warning C4244: 'inicializando': conversión de 'int' a 'float'; posible pérdida de datos
c:\users\gamos\desktop\escuela\progra\5to\introcg\mydir - copia\principiosdecg\transformaciones2d\src\application.cpp(244): warning C4244: '=': conversión de 'double' a 'int'; posible pérdida de datos
c:\users\gamos\desktop\escuela\progra\5to\introcg\mydir - copia\principiosdecg\transformaciones2d\src\application.cpp(245): warning C4244: '=': conversión de 'double' a 'int'; posible pérdida de datos
c:\users\gamos\desktop\escuela\progra\5to\introcg\mydir - copia\principiosdecg\transformaciones2d\src\application.cpp(263): warning C4309: 'argumento': truncamiento de valor constante
c:\users\gamos\desktop\escuela\progra\5to\introcg\mydir - copia\principiosdecg\transformaciones2d\src\application.cpp(282): warning C4244: 'argumento': conversión de 'float' a 'int'; posible pérdida de datos
c:\users\gamos\desktop\escuela\progra\5to\introcg\mydir - copia\principiosdecg\transformaciones2d\src\application.cpp(283): warning C4244: 'argumento': conversión de 'float' a 'int'; posible pérdida de datos
c:\users\gamos\desktop\escuela\progra\5to\introcg\mydir - copia\principiosdecg\transformaciones2d\src\application.cpp(284): warning C4244: 'argumento': conversión de 'float' a 'int'; posible pérdida de datos
c:\users\gamos\desktop\escuela\progra\5to\introcg\mydir - copia\principiosdecg\transformaciones2d\src\application.cpp(285): warning C4244: 'argumento': conversión de 'float' a 'int'; posible pérdida de datos
  Generando código...
  Omitiendo... (no se detectaron cambios relevantes)
  Pixel.cpp
  Transformaciones2D.vcxproj -> C:\Users\gamos\Desktop\escuela\progra\5to\IntroCG\myDir - copia\PrincipiosDeCG\x64\Debug\Transformaciones2D.exe
